빌드 시작: 2014-05-23 PM 2:22:28
     1>2 노드의 "C:\Users\형준\documents\visual studio 2010\Projects\C_20113315_tetris\C_20113315_tetris\C_20113315_tetris.vcxproj" 프로젝트(build 대상)입니다.
     1>InitializeBuildStatus:
         "AlwaysCreate"이(가) 지정되었기 때문에 "Debug\C_20113315_tetris.unsuccessfulbuild"을(를) 만들고 있습니다.
       ClCompile:
         C:\Program Files (x86)\Microsoft Visual Studio 10.0\VC\bin\CL.exe /c /IC:\pdc34dll /Zi /nologo /W3 /WX- /Od /Oy- /D WIN32 /D _DEBUG /D _CONSOLE /D _UNICODE /D UNICODE /Gm /EHsc /RTC1 /MDd /GS /fp:precise /Zc:wchar_t /Zc:forScope /Fo"Debug\\" /Fd"Debug\vc100.pdb" /Gd /TP /analyze- /errorReport:prompt Window_game.cpp main.cpp
         main.cpp
     1>main.cpp(43): warning C4996: 'scanf': This function or variable may be unsafe. Consider using scanf_s instead. To disable deprecation, use _CRT_SECURE_NO_WARNINGS. See online help for details.
                 C:\Program Files (x86)\Microsoft Visual Studio 10.0\VC\include\stdio.h(304) : 'scanf' 선언을 참조하십시오.
     1>main.cpp(44): warning C4244: '=' : 'time_t'에서 'int'(으)로 변환하면서 데이터가 손실될 수 있습니다.
         Window_game.cpp
     1>Window_game.cpp(361): warning C4101: 'bb' :참조되지 않은 지역 변수입니다.
     1>Window_game.cpp(361): warning C4101: 't' :참조되지 않은 지역 변수입니다.
         코드를 생성하고 있습니다...
       ManifestResourceCompile:
         모든 출력이 최신 상태입니다.
       Link:
         C:\Program Files (x86)\Microsoft Visual Studio 10.0\VC\bin\link.exe /ERRORREPORT:PROMPT /OUT:"C:\Users\형준\documents\visual studio 2010\Projects\C_20113315_tetris\Debug\C_20113315_tetris.exe" /INCREMENTAL /NOLOGO /LIBPATH:C:\pdc34dll pdcurses.lib /MANIFEST /ManifestFile:"Debug\C_20113315_tetris.exe.intermediate.manifest" /MANIFESTUAC:"level='asInvoker' uiAccess='false'" /DEBUG /PDB:"C:\Users\형준\documents\visual studio 2010\Projects\C_20113315_tetris\Debug\C_20113315_tetris.pdb" /SUBSYSTEM:CONSOLE /TLBID:1 /DYNAMICBASE /NXCOMPAT /IMPLIB:"C:\Users\형준\documents\visual studio 2010\Projects\C_20113315_tetris\Debug\C_20113315_tetris.lib" /MACHINE:X86 Debug\C_20113315_tetris.exe.embed.manifest.res
         Debug\main.obj
         Debug\block.obj
         Debug\Window_game.obj
         Debug\Window_name.obj
         Debug\Window_score.obj
       Manifest:
         C:\Program Files (x86)\Microsoft SDKs\Windows\v7.0A\bin\mt.exe /nologo /verbose /out:"Debug\C_20113315_tetris.exe.embed.manifest" /manifest Debug\C_20113315_tetris.exe.intermediate.manifest
         모든 출력이 최신 상태입니다.
       LinkEmbedManifest:
         모든 출력이 최신 상태입니다.
         C_20113315_tetris.vcxproj -> C:\Users\형준\documents\visual studio 2010\Projects\C_20113315_tetris\Debug\C_20113315_tetris.exe
       FinalizeBuildStatus:
         "Debug\C_20113315_tetris.unsuccessfulbuild" 파일을 삭제하고 있습니다.
         "Debug\C_20113315_tetris.lastbuildstate"에 연결(touching)하고 있습니다.
     1>"C:\Users\형준\documents\visual studio 2010\Projects\C_20113315_tetris\C_20113315_tetris\C_20113315_tetris.vcxproj" 프로젝트를 빌드했습니다(build 대상).

빌드했습니다.

경과 시간: 00:00:05.02
