  Block.obj : /DEBUG:FASTLINK is not supported when managed code is present; restarting link with /DEBUG:FULL
Main.obj : error LNK2028: unresolved token (0A000425) "extern "C" int __cdecl refresh(void)" (?refresh@@$$J0YAHXZ) referenced in function "int __cdecl main(int,char * * const)" (?main@@$$HYAHHQEAPEAD@Z)
Main.obj : error LNK2028: unresolved token (0A000429) "extern "C" int __cdecl curs_set(int)" (?curs_set@@$$J0YAHH@Z) referenced in function "char __cdecl input_key(void)" (?input_key@@$$FYADXZ)
Main.obj : error LNK2020: unresolved token (0A000449) __imp_stdscr
Main.obj : error LNK2028: unresolved token (0A000492) "extern "C" int __cdecl border(unsigned long,unsigned long,unsigned long,unsigned long,unsigned long,unsigned long,unsigned long,unsigned long)" (?border@@$$J0YAHKKKKKKKK@Z) referenced in function "int __cdecl main(int,char * * const)" (?main@@$$HYAHHQEAPEAD@Z)
Main.obj : error LNK2028: unresolved token (0A0004AB) "extern "C" int __cdecl attron(unsigned long)" (?attron@@$$J0YAHK@Z) referenced in function "int __cdecl main(int,char * * const)" (?main@@$$HYAHHQEAPEAD@Z)
Main.obj : error LNK2028: unresolved token (0A0004B1) "extern "C" int __cdecl mvprintw(int,int,char const *,...)" (?mvprintw@@$$J0YAHHHPEBDZZ) referenced in function "int __cdecl main(int,char * * const)" (?main@@$$HYAHHQEAPEAD@Z)
Main.obj : error LNK2028: unresolved token (0A0004DB) "extern "C" int __cdecl wgetch(struct _win *)" (?wgetch@@$$J0YAHPEAU_win@@@Z) referenced in function "char __cdecl input_key(void)" (?input_key@@$$FYADXZ)
Main.obj : error LNK2028: unresolved token (0A0004E5) "extern "C" struct _win * __cdecl initscr(void)" (?initscr@@$$J0YAPEAU_win@@XZ) referenced in function "int __cdecl main(int,char * * const)" (?main@@$$HYAHHQEAPEAD@Z)
Main.obj : error LNK2028: unresolved token (0A0004FE) "extern "C" int __cdecl start_color(void)" (?start_color@@$$J0YAHXZ) referenced in function "int __cdecl main(int,char * * const)" (?main@@$$HYAHHQEAPEAD@Z)
Main.obj : error LNK2028: unresolved token (0A00053E) "extern "C" int __cdecl attroff(unsigned long)" (?attroff@@$$J0YAHK@Z) referenced in function "int __cdecl main(int,char * * const)" (?main@@$$HYAHHQEAPEAD@Z)
Main.obj : error LNK2028: unresolved token (0A000561) "extern "C" int __cdecl resize_term(int,int)" (?resize_term@@$$J0YAHHH@Z) referenced in function "int __cdecl main(int,char * * const)" (?main@@$$HYAHHQEAPEAD@Z)
Main.obj : error LNK2028: unresolved token (0A000569) "extern "C" int __cdecl init_pair(short,short,short)" (?init_pair@@$$J0YAHFFF@Z) referenced in function "void __cdecl define_init_pair(void)" (?define_init_pair@@$$FYAXXZ)
Main.obj : error LNK2028: unresolved token (0A00056B) "extern "C" int __cdecl keypad(struct _win *,unsigned char)" (?keypad@@$$J0YAHPEAU_win@@E@Z) referenced in function "char __cdecl input_key(void)" (?input_key@@$$FYADXZ)
Main.obj : error LNK2028: unresolved token (0A000584) "extern "C" int __cdecl noecho(void)" (?noecho@@$$J0YAHXZ) referenced in function "char __cdecl input_key(void)" (?input_key@@$$FYADXZ)
Main.obj : error LNK2028: unresolved token (0A000585) "extern "C" int __cdecl endwin(void)" (?endwin@@$$J0YAHXZ) referenced in function "int __cdecl main(int,char * * const)" (?main@@$$HYAHHQEAPEAD@Z)
Window_game.obj : error LNK2028: unresolved token (0A000501) "extern "C" int __cdecl mvprintw(int,int,char const *,...)" (?mvprintw@@$$J0YAHHHPEBDZZ) referenced in function "public: __cdecl window_game::window_game(int,int,int,int,int,int,int,int)" (??0window_game@@$$FQEAA@HHHHHHHH@Z)
Main.obj : error LNK2028: unresolved token (0A00058B) "extern "C" int __cdecl mvprintw(int,int,char const *,...)" (?mvprintw@@$$J0YAHHHPEBDZZ) referenced in function "int __cdecl main(int,char * * const)" (?main@@$$HYAHHQEAPEAD@Z)
Window_score.obj : error LNK2028: unresolved token (0A0003AB) "extern "C" int __cdecl wborder(struct _win *,unsigned long,unsigned long,unsigned long,unsigned long,unsigned long,unsigned long,unsigned long,unsigned long)" (?wborder@@$$J0YAHPEAU_win@@KKKKKKKK@Z) referenced in function "public: __cdecl window_score::window_score(int,int,int,int)" (??0window_score@@$$FQEAA@HHHH@Z)
Window_name.obj : error LNK2028: unresolved token (0A0003AA) "extern "C" int __cdecl wborder(struct _win *,unsigned long,unsigned long,unsigned long,unsigned long,unsigned long,unsigned long,unsigned long,unsigned long)" (?wborder@@$$J0YAHPEAU_win@@KKKKKKKK@Z) referenced in function "public: __cdecl window_name::window_name(int,int,int,int,char *)" (??0window_name@@$$FQEAA@HHHHPEAD@Z)
Window_game.obj : error LNK2028: unresolved token (0A0003D0) "extern "C" int __cdecl wborder(struct _win *,unsigned long,unsigned long,unsigned long,unsigned long,unsigned long,unsigned long,unsigned long,unsigned long)" (?wborder@@$$J0YAHPEAU_win@@KKKKKKKK@Z) referenced in function "public: __cdecl window_game::window_game(int,int,int,int,int,int,int,int)" (??0window_game@@$$FQEAA@HHHHHHHH@Z)
Window_score.obj : error LNK2028: unresolved token (0A0003B2) "extern "C" int __cdecl mvwprintw(struct _win *,int,int,char const *,...)" (?mvwprintw@@$$J0YAHPEAU_win@@HHPEBDZZ) referenced in function "public: void __cdecl std::basic_string<char,struct std::char_traits<char>,class std::allocator<char> >::_Xlen(void)const " (?_Xlen@?$basic_string@DU?$char_traits@D@std@@V?$allocator@D@2@@std@@$$FQEBAXXZ)
Window_name.obj : error LNK2020: unresolved token (0A0003B1) "extern "C" int __cdecl mvwprintw(struct _win *,int,int,char const *,...)" (?mvwprintw@@$$J0YAHPEAU_win@@HHPEBDZZ)
Window_game.obj : error LNK2028: unresolved token (0A0003D7) "extern "C" int __cdecl mvwprintw(struct _win *,int,int,char const *,...)" (?mvwprintw@@$$J0YAHPEAU_win@@HHPEBDZZ) referenced in function "public: __cdecl window_game::window_game(int,int,int,int,int,int,int,int)" (??0window_game@@$$FQEAA@HHHHHHHH@Z)
Window_score.obj : error LNK2028: unresolved token (0A00040A) "extern "C" int __cdecl wattroff(struct _win *,unsigned long)" (?wattroff@@$$J0YAHPEAU_win@@K@Z) referenced in function "public: __cdecl window_score::window_score(int,int,int,int)" (??0window_score@@$$FQEAA@HHHH@Z)
Window_name.obj : error LNK2028: unresolved token (0A00040A) "extern "C" int __cdecl wattroff(struct _win *,unsigned long)" (?wattroff@@$$J0YAHPEAU_win@@K@Z) referenced in function "public: __cdecl window_name::window_name(int,int,int,int,char *)" (??0window_name@@$$FQEAA@HHHHPEAD@Z)
Window_game.obj : error LNK2028: unresolved token (0A000434) "extern "C" int __cdecl wattroff(struct _win *,unsigned long)" (?wattroff@@$$J0YAHPEAU_win@@K@Z) referenced in function "public: __cdecl window_game::window_game(int,int,int,int,int,int,int,int)" (??0window_game@@$$FQEAA@HHHHHHHH@Z)
Window_score.obj : error LNK2020: unresolved token (0A000482) "extern "C" struct _win * __cdecl newwin(int,int,int,int)" (?newwin@@$$J0YAPEAU_win@@HHHH@Z)
Window_name.obj : error LNK2028: unresolved token (0A000481) "extern "C" struct _win * __cdecl newwin(int,int,int,int)" (?newwin@@$$J0YAPEAU_win@@HHHH@Z) referenced in function "public: __cdecl window_name::window_name(int,int,int,int,char *)" (??0window_name@@$$FQEAA@HHHHPEAD@Z)
Window_game.obj : error LNK2028: unresolved token (0A0004B6) "extern "C" struct _win * __cdecl newwin(int,int,int,int)" (?newwin@@$$J0YAPEAU_win@@HHHH@Z) referenced in function "public: __cdecl window_game::window_game(int,int,int,int,int,int,int,int)" (??0window_game@@$$FQEAA@HHHHHHHH@Z)
Window_score.obj : error LNK2028: unresolved token (0A0004B5) "extern "C" int __cdecl wattron(struct _win *,unsigned long)" (?wattron@@$$J0YAHPEAU_win@@K@Z) referenced in function "public: __cdecl window_score::window_score(int,int,int,int)" (??0window_score@@$$FQEAA@HHHH@Z)
Window_name.obj : error LNK2020: unresolved token (0A0004B4) "extern "C" int __cdecl wattron(struct _win *,unsigned long)" (?wattron@@$$J0YAHPEAU_win@@K@Z)
Window_game.obj : error LNK2028: unresolved token (0A0004ED) "extern "C" int __cdecl wattron(struct _win *,unsigned long)" (?wattron@@$$J0YAHPEAU_win@@K@Z) referenced in function "public: __cdecl window_game::window_game(int,int,int,int,int,int,int,int)" (??0window_game@@$$FQEAA@HHHHHHHH@Z)
Window_score.obj : error LNK2020: unresolved token (0A0004BE) "extern "C" int __cdecl wrefresh(struct _win *)" (?wrefresh@@$$J0YAHPEAU_win@@@Z)
Window_name.obj : error LNK2028: unresolved token (0A0004BD) "extern "C" int __cdecl wrefresh(struct _win *)" (?wrefresh@@$$J0YAHPEAU_win@@@Z) referenced in function "public: void __cdecl std::basic_string<char,struct std::char_traits<char>,class std::allocator<char> >::_Xran(void)const " (?_Xran@?$basic_string@DU?$char_traits@D@std@@V?$allocator@D@2@@std@@$$FQEBAXXZ)
Window_game.obj : error LNK2028: unresolved token (0A0004F7) "extern "C" int __cdecl wrefresh(struct _win *)" (?wrefresh@@$$J0YAHPEAU_win@@@Z) referenced in function "public: __cdecl window_game::window_game(int,int,int,int,int,int,int,int)" (??0window_game@@$$FQEAA@HHHHHHHH@Z)
Window_score.obj : error LNK2028: unresolved token (0A00047E) "extern "C" int __cdecl mvwprintw(struct _win *,int,int,char const *,...)" (?mvwprintw@@$$J0YAHPEAU_win@@HHPEBDZZ) referenced in function "public: void __cdecl std::basic_string<char,struct std::char_traits<char>,class std::allocator<char> >::_Xlen(void)const " (?_Xlen@?$basic_string@DU?$char_traits@D@std@@V?$allocator@D@2@@std@@$$FQEBAXXZ)
Main.obj : error LNK2001: unresolved external symbol __imp_stdscr
Main.obj : error LNK2019: unresolved external symbol "extern "C" int __cdecl keypad(struct _win *,unsigned char)" (?keypad@@$$J0YAHPEAU_win@@E@Z) referenced in function "char __cdecl input_key(void)" (?input_key@@$$FYADXZ)
Main.obj : error LNK2019: unresolved external symbol "extern "C" int __cdecl curs_set(int)" (?curs_set@@$$J0YAHH@Z) referenced in function "char __cdecl input_key(void)" (?input_key@@$$FYADXZ)
Main.obj : error LNK2019: unresolved external symbol "extern "C" int __cdecl noecho(void)" (?noecho@@$$J0YAHXZ) referenced in function "char __cdecl input_key(void)" (?input_key@@$$FYADXZ)
Main.obj : error LNK2019: unresolved external symbol "extern "C" int __cdecl wgetch(struct _win *)" (?wgetch@@$$J0YAHPEAU_win@@@Z) referenced in function "char __cdecl input_key(void)" (?input_key@@$$FYADXZ)
Main.obj : error LNK2019: unresolved external symbol "extern "C" int __cdecl init_pair(short,short,short)" (?init_pair@@$$J0YAHFFF@Z) referenced in function "void __cdecl define_init_pair(void)" (?define_init_pair@@$$FYAXXZ)
Main.obj : error LNK2019: unresolved external symbol "extern "C" struct _win * __cdecl initscr(void)" (?initscr@@$$J0YAPEAU_win@@XZ) referenced in function "int __cdecl main(int,char * * const)" (?main@@$$HYAHHQEAPEAD@Z)
Main.obj : error LNK2019: unresolved external symbol "extern "C" int __cdecl resize_term(int,int)" (?resize_term@@$$J0YAHHH@Z) referenced in function "int __cdecl main(int,char * * const)" (?main@@$$HYAHHQEAPEAD@Z)
Main.obj : error LNK2019: unresolved external symbol "extern "C" int __cdecl start_color(void)" (?start_color@@$$J0YAHXZ) referenced in function "int __cdecl main(int,char * * const)" (?main@@$$HYAHHQEAPEAD@Z)
Main.obj : error LNK2019: unresolved external symbol "extern "C" int __cdecl border(unsigned long,unsigned long,unsigned long,unsigned long,unsigned long,unsigned long,unsigned long,unsigned long)" (?border@@$$J0YAHKKKKKKKK@Z) referenced in function "int __cdecl main(int,char * * const)" (?main@@$$HYAHHQEAPEAD@Z)
Main.obj : error LNK2019: unresolved external symbol "extern "C" int __cdecl attron(unsigned long)" (?attron@@$$J0YAHK@Z) referenced in function "int __cdecl main(int,char * * const)" (?main@@$$HYAHHQEAPEAD@Z)
Main.obj : error LNK2019: unresolved external symbol "extern "C" int __cdecl mvprintw(int,int,char const *,...)" (?mvprintw@@$$J0YAHHHPEBDZZ) referenced in function "int __cdecl main(int,char * * const)" (?main@@$$HYAHHQEAPEAD@Z)
Window_game.obj : error LNK2001: unresolved external symbol "extern "C" int __cdecl mvprintw(int,int,char const *,...)" (?mvprintw@@$$J0YAHHHPEBDZZ)
Main.obj : error LNK2019: unresolved external symbol "extern "C" int __cdecl attroff(unsigned long)" (?attroff@@$$J0YAHK@Z) referenced in function "int __cdecl main(int,char * * const)" (?main@@$$HYAHHQEAPEAD@Z)
Main.obj : error LNK2019: unresolved external symbol "extern "C" int __cdecl refresh(void)" (?refresh@@$$J0YAHXZ) referenced in function "int __cdecl main(int,char * * const)" (?main@@$$HYAHHQEAPEAD@Z)
Main.obj : error LNK2019: unresolved external symbol "extern "C" int __cdecl endwin(void)" (?endwin@@$$J0YAHXZ) referenced in function "int __cdecl main(int,char * * const)" (?main@@$$HYAHHQEAPEAD@Z)
Window_game.obj : error LNK2019: unresolved external symbol "extern "C" struct _win * __cdecl newwin(int,int,int,int)" (?newwin@@$$J0YAPEAU_win@@HHHH@Z) referenced in function "public: __cdecl window_game::window_game(int,int,int,int,int,int,int,int)" (??0window_game@@$$FQEAA@HHHHHHHH@Z)
Window_name.obj : error LNK2001: unresolved external symbol "extern "C" struct _win * __cdecl newwin(int,int,int,int)" (?newwin@@$$J0YAPEAU_win@@HHHH@Z)
Window_score.obj : error LNK2001: unresolved external symbol "extern "C" struct _win * __cdecl newwin(int,int,int,int)" (?newwin@@$$J0YAPEAU_win@@HHHH@Z)
Window_game.obj : error LNK2019: unresolved external symbol "extern "C" int __cdecl wattron(struct _win *,unsigned long)" (?wattron@@$$J0YAHPEAU_win@@K@Z) referenced in function "public: __cdecl window_game::window_game(int,int,int,int,int,int,int,int)" (??0window_game@@$$FQEAA@HHHHHHHH@Z)
Window_name.obj : error LNK2001: unresolved external symbol "extern "C" int __cdecl wattron(struct _win *,unsigned long)" (?wattron@@$$J0YAHPEAU_win@@K@Z)
Window_score.obj : error LNK2001: unresolved external symbol "extern "C" int __cdecl wattron(struct _win *,unsigned long)" (?wattron@@$$J0YAHPEAU_win@@K@Z)
Window_game.obj : error LNK2019: unresolved external symbol "extern "C" int __cdecl mvwprintw(struct _win *,int,int,char const *,...)" (?mvwprintw@@$$J0YAHPEAU_win@@HHPEBDZZ) referenced in function "public: __cdecl window_game::window_game(int,int,int,int,int,int,int,int)" (??0window_game@@$$FQEAA@HHHHHHHH@Z)
Window_name.obj : error LNK2001: unresolved external symbol "extern "C" int __cdecl mvwprintw(struct _win *,int,int,char const *,...)" (?mvwprintw@@$$J0YAHPEAU_win@@HHPEBDZZ)
Window_score.obj : error LNK2001: unresolved external symbol "extern "C" int __cdecl mvwprintw(struct _win *,int,int,char const *,...)" (?mvwprintw@@$$J0YAHPEAU_win@@HHPEBDZZ)
Window_game.obj : error LNK2019: unresolved external symbol "extern "C" int __cdecl wattroff(struct _win *,unsigned long)" (?wattroff@@$$J0YAHPEAU_win@@K@Z) referenced in function "public: __cdecl window_game::window_game(int,int,int,int,int,int,int,int)" (??0window_game@@$$FQEAA@HHHHHHHH@Z)
Window_name.obj : error LNK2001: unresolved external symbol "extern "C" int __cdecl wattroff(struct _win *,unsigned long)" (?wattroff@@$$J0YAHPEAU_win@@K@Z)
Window_score.obj : error LNK2001: unresolved external symbol "extern "C" int __cdecl wattroff(struct _win *,unsigned long)" (?wattroff@@$$J0YAHPEAU_win@@K@Z)
Window_game.obj : error LNK2019: unresolved external symbol "extern "C" int __cdecl wborder(struct _win *,unsigned long,unsigned long,unsigned long,unsigned long,unsigned long,unsigned long,unsigned long,unsigned long)" (?wborder@@$$J0YAHPEAU_win@@KKKKKKKK@Z) referenced in function "public: __cdecl window_game::window_game(int,int,int,int,int,int,int,int)" (??0window_game@@$$FQEAA@HHHHHHHH@Z)
Window_name.obj : error LNK2001: unresolved external symbol "extern "C" int __cdecl wborder(struct _win *,unsigned long,unsigned long,unsigned long,unsigned long,unsigned long,unsigned long,unsigned long,unsigned long)" (?wborder@@$$J0YAHPEAU_win@@KKKKKKKK@Z)
Window_score.obj : error LNK2001: unresolved external symbol "extern "C" int __cdecl wborder(struct _win *,unsigned long,unsigned long,unsigned long,unsigned long,unsigned long,unsigned long,unsigned long,unsigned long)" (?wborder@@$$J0YAHPEAU_win@@KKKKKKKK@Z)
Window_game.obj : error LNK2019: unresolved external symbol "extern "C" int __cdecl wrefresh(struct _win *)" (?wrefresh@@$$J0YAHPEAU_win@@@Z) referenced in function "public: __cdecl window_game::window_game(int,int,int,int,int,int,int,int)" (??0window_game@@$$FQEAA@HHHHHHHH@Z)
Window_name.obj : error LNK2001: unresolved external symbol "extern "C" int __cdecl wrefresh(struct _win *)" (?wrefresh@@$$J0YAHPEAU_win@@@Z)
Window_score.obj : error LNK2001: unresolved external symbol "extern "C" int __cdecl wrefresh(struct _win *)" (?wrefresh@@$$J0YAHPEAU_win@@@Z)
C:\Users\hj\Desktop\Tetris_using_PDCurses-master\Tetris_using_PDCurses-master\Tetris\lib\pdcurses.lib : warning LNK4272: library machine type 'X86' conflicts with target machine type 'x64'
C:\Users\hj\Desktop\Tetris_using_PDCurses-master\Tetris_using_PDCurses-master\x64\Debug\Tetris.exe : fatal error LNK1120: 57 unresolved externals
