빌드 시작: 2014-04-25 PM 11:23:18
     1>2 노드의 "C:\Users\형준\documents\visual studio 2010\Projects\C_20113315_tetris\aa\aa.vcxproj" 프로젝트(build 대상)입니다.
     1>InitializeBuildStatus:
         "Debug\aa.unsuccessfulbuild"에 연결(touching)하고 있습니다.
       ClCompile:
         C:\Program Files (x86)\Microsoft Visual Studio 10.0\VC\bin\CL.exe /c /IC:\pdc34dll /ZI /nologo /W3 /WX- /Od /Oy- /D WIN32 /D _DEBUG /D _CONSOLE /D _UNICODE /D UNICODE /Gm /EHsc /RTC1 /MDd /GS /fp:precise /Zc:wchar_t /Zc:forScope /Fo"Debug\\" /Fd"Debug\vc100.pdb" /Gd /TP /analyze- /errorReport:prompt aa.cpp
         aa.cpp
     1>c:\users\형준\documents\visual studio 2010\projects\c_20113315_tetris\aa\aa.cpp(7): warning C4101: 'userName' :참조되지 않은 지역 변수입니다.
     1>c:\users\형준\documents\visual studio 2010\projects\c_20113315_tetris\aa\aa.cpp(14): warning C4101: 'k' :참조되지 않은 지역 변수입니다.
       ManifestResourceCompile:
         모든 출력이 최신 상태입니다.
       Link:
         C:\Program Files (x86)\Microsoft Visual Studio 10.0\VC\bin\link.exe /ERRORREPORT:PROMPT /OUT:"C:\Users\형준\documents\visual studio 2010\Projects\C_20113315_tetris\Debug\aa.exe" /INCREMENTAL /NOLOGO /LIBPATH:C:\pdc34dll pdcurses.lib /MANIFEST /ManifestFile:"Debug\aa.exe.intermediate.manifest" /MANIFESTUAC:"level='asInvoker' uiAccess='false'" /DEBUG /PDB:"C:\Users\형준\documents\visual studio 2010\Projects\C_20113315_tetris\Debug\aa.pdb" /SUBSYSTEM:CONSOLE /TLBID:1 /DYNAMICBASE /NXCOMPAT /IMPLIB:"C:\Users\형준\documents\visual studio 2010\Projects\C_20113315_tetris\Debug\aa.lib" /MACHINE:X86 Debug\aa.exe.embed.manifest.res
         Debug\aa.obj
       Manifest:
         C:\Program Files (x86)\Microsoft SDKs\Windows\v7.0A\bin\mt.exe /nologo /verbose /out:"Debug\aa.exe.embed.manifest" /manifest Debug\aa.exe.intermediate.manifest
         모든 출력이 최신 상태입니다.
       LinkEmbedManifest:
         모든 출력이 최신 상태입니다.
         aa.vcxproj -> C:\Users\형준\documents\visual studio 2010\Projects\C_20113315_tetris\Debug\aa.exe
       FinalizeBuildStatus:
         "Debug\aa.unsuccessfulbuild" 파일을 삭제하고 있습니다.
         "Debug\aa.lastbuildstate"에 연결(touching)하고 있습니다.
     1>"C:\Users\형준\documents\visual studio 2010\Projects\C_20113315_tetris\aa\aa.vcxproj" 프로젝트를 빌드했습니다(build 대상).

빌드했습니다.

경과 시간: 00:00:00.85
